==============================================================
Vivado(TM) HLS - High-Level Synthesis from C, C++ and SystemC v2019.2 (64-bit)
Copyright 1986-2019 Xilinx, Inc. All Rights Reserved.
==============================================================
INFO: [HLS 200-10] Setting target device to 'xcvu9p-flgb2104-2-i'
INFO: [SYN 201-201] Setting up clock 'default' with a period of 4ns.
INFO: [HLS 200-435] Setting 'config_sdx -target' configuration: config_export -vivado_optimization_level=0
INFO: [HLS 200-435] Setting 'config_export -vivado_optimization_level' configuration: config_export -vivado_phys_opt=none
INFO: [HLS 200-435] Setting 'config_sdx -target' configuration: config_compile -pipeline_loops=64
INFO: [XFORM 203-1171] Pipeline the innermost loop with trip count more than 64 or its parent loop when its trip count is less than or equal 64.
INFO: [HLS 200-435] Setting 'config_sdx -target' configuration: config_compile -name_max_length=80
INFO: [XFORM 203-1161] The maximum of name length is set into 80.
INFO: [HLS 200-435] Setting 'config_sdx -target' configuration: config_schedule -enable_dsp_full_reg=1
INFO: [HLS 200-435] Setting 'config_sdx -target' configuration: config_rtl -register_reset_num=3
INFO: [HLS 200-435] Setting 'config_sdx -target' configuration: config_rtl -module_auto_prefix=1
INFO: [HLS 200-435] Setting 'config_sdx -target' configuration: config_interface -m_axi_addr64=1
INFO: [HLS 200-435] Setting 'config_sdx -target' configuration: set_clock_uncertainty 27%
INFO: [SYN 201-201] Setting up clock 'default' with an uncertainty of 1.08ns.
INFO: [SYN 201-201] Setting up clock 'default' with an uncertainty of 1.08ns.
INFO: [SCHED 204-61] Option 'relax_ii_for_timing' is enabled, will increase II to preserve clock frequency constraints.
INFO: [HLS 200-10] Analyzing design file '/home/centos/src/project_data/aws-fpga/Vitis/examples/xilinx_2019.2/cpp_kernels/monte_sim/src/monte_sim.cpp' ... 
INFO: [HLS 200-111] Finished Linking Time (s): cpu = 00:01:06 ; elapsed = 00:01:08 . Memory (MB): peak = 983.102 ; gain = 463.160 ; free physical = 5527 ; free virtual = 27366
INFO: [HLS 200-111] Finished Checking Pragmas Time (s): cpu = 00:01:06 ; elapsed = 00:01:08 . Memory (MB): peak = 983.102 ; gain = 463.160 ; free physical = 5527 ; free virtual = 27366
INFO: [HLS 200-10] Starting code transformations ...
INFO: [HLS 200-111] Finished Standard Transforms Time (s): cpu = 00:01:08 ; elapsed = 00:01:10 . Memory (MB): peak = 1050.129 ; gain = 530.188 ; free physical = 5455 ; free virtual = 27308
INFO: [HLS 200-10] Checking synthesizability ...
INFO: [XFORM 203-602] Inlining function 'hls::sqrt<32, 16>' into 'monte_sim' (/home/centos/src/project_data/aws-fpga/Vitis/examples/xilinx_2019.2/cpp_kernels/monte_sim/src/monte_sim.cpp:80) automatically.
WARNING: [SYNCHK 200-23] /opt/Xilinx/Vivado/2019.2/common/technology/autopilot/hls_sqrt_apfixed.h:272: variable-indexed range selection may cause suboptimal QoR.
INFO: [SYNCHK 200-10] 0 error(s), 1 warning(s).
INFO: [HLS 200-111] Finished Checking Synthesizability Time (s): cpu = 00:01:08 ; elapsed = 00:01:11 . Memory (MB): peak = 1050.129 ; gain = 530.188 ; free physical = 5409 ; free virtual = 27267
INFO: [XFORM 203-502] Unrolling all loops for pipelining in function 'sqrt_fixed<32, 16>' (/opt/Xilinx/Vivado/2019.2/common/technology/autopilot/hls_sqrt_apfixed.h:44:36).
INFO: [HLS 200-489] Unrolling loop 'Loop-1' (/opt/Xilinx/Vivado/2019.2/common/technology/autopilot/hls_sqrt_apfixed.h:267) in function 'sqrt_fixed<32, 16>' completely with a factor of 8.
INFO: [HLS 200-489] Unrolling loop 'Loop-2' (/opt/Xilinx/Vivado/2019.2/common/technology/autopilot/hls_sqrt_apfixed.h:295) in function 'sqrt_fixed<32, 16>' completely with a factor of 17.
INFO: [XFORM 203-602] Inlining function 'hls::sqrt<32, 16>' into 'monte_sim' (/home/centos/src/project_data/aws-fpga/Vitis/examples/xilinx_2019.2/cpp_kernels/monte_sim/src/monte_sim.cpp:80) automatically.
INFO: [XFORM 203-401] Performing if-conversion on hyperblock from (/opt/Xilinx/Vivado/2019.2/common/technology/autopilot/hls_sqrt_apfixed.h:44:1) to (/opt/Xilinx/Vivado/2019.2/common/technology/autopilot/hls_sqrt_apfixed.h:372:1) in function 'sqrt_fixed<32, 16>'... converting 132 basic blocks.
INFO: [HLS 200-111] Finished Pre-synthesis Time (s): cpu = 00:01:09 ; elapsed = 00:01:12 . Memory (MB): peak = 1113.789 ; gain = 593.848 ; free physical = 5339 ; free virtual = 27205
WARNING: [XFORM 203-542] Cannot flatten a loop nest 'Loop-1' (/home/centos/src/project_data/aws-fpga/Vitis/examples/xilinx_2019.2/cpp_kernels/monte_sim/src/monte_sim.cpp:46:27) in function 'monte_sim' : 

more than one sub loop.
INFO: [HLS 200-444] Inferring multiple bus burst read of variable length on port 'gmem' (/home/centos/src/project_data/aws-fpga/Vitis/examples/xilinx_2019.2/cpp_kernels/monte_sim/src/monte_sim.cpp:58:2). These data requests might be further partitioned to multiple requests during RTL generation, based on max_read_burst_length or max_write_burst_length settings.
INFO: [HLS 200-444] Inferring multiple bus burst read of variable length on port 'gmem' (/home/centos/src/project_data/aws-fpga/Vitis/examples/xilinx_2019.2/cpp_kernels/monte_sim/src/monte_sim.cpp:65:2). These data requests might be further partitioned to multiple requests during RTL generation, based on max_read_burst_length or max_write_burst_length settings.
INFO: [HLS 200-444] Inferring multiple bus burst write of variable length on port 'gmem' (/home/centos/src/project_data/aws-fpga/Vitis/examples/xilinx_2019.2/cpp_kernels/monte_sim/src/monte_sim.cpp:100:2). These data requests might be further partitioned to multiple requests during RTL generation, based on max_read_burst_length or max_write_burst_length settings.
INFO: [HLS 200-472] Inferring partial write operation for 'v1_buffer.V' (/home/centos/src/project_data/aws-fpga/Vitis/examples/xilinx_2019.2/cpp_kernels/monte_sim/src/monte_sim.cpp:58:2)
INFO: [HLS 200-472] Inferring partial write operation for 'v2_buffer.V' (/home/centos/src/project_data/aws-fpga/Vitis/examples/xilinx_2019.2/cpp_kernels/monte_sim/src/monte_sim.cpp:65:2)
INFO: [HLS 200-472] Inferring partial write operation for 'vout_buffer.V' (/home/centos/src/project_data/aws-fpga/Vitis/examples/xilinx_2019.2/cpp_kernels/monte_sim/src/monte_sim.cpp:92:21)
INFO: [HLS 200-111] Finished Architecture Synthesis Time (s): cpu = 00:01:10 ; elapsed = 00:01:13 . Memory (MB): peak = 1177.773 ; gain = 657.832 ; free physical = 5310 ; free virtual = 27179
INFO: [HLS 200-10] Starting hardware synthesis ...
INFO: [HLS 200-10] Synthesizing 'monte_sim' ...
WARNING: [SYN 201-103] Legalizing function name 'sqrt_fixed<32, 16>' to 'sqrt_fixed_32_16_s'.
INFO: [HLS 200-10] ----------------------------------------------------------------
INFO: [HLS 200-42] -- Implementing module 'sqrt_fixed_32_16_s' 
INFO: [HLS 200-10] ----------------------------------------------------------------
INFO: [SCHED 204-11] Starting scheduling ...
INFO: [SCHED 204-61] Pipelining function 'sqrt_fixed<32, 16>'.
INFO: [SCHED 204-61] Pipelining result : Target II = 1, Final II = 1, Depth = 13.
INFO: [SCHED 204-11] Finished scheduling.
INFO: [HLS 200-111]  Elapsed time: 73.54 seconds; current allocated memory: 272.255 MB.
INFO: [BIND 205-100] Starting micro-architecture generation ...
INFO: [BIND 205-101] Performing variable lifetime analysis.
INFO: [BIND 205-101] Exploring resource sharing.
INFO: [BIND 205-101] Binding ...
INFO: [BIND 205-100] Finished micro-architecture generation.
INFO: [HLS 200-111]  Elapsed time: 0.47 seconds; current allocated memory: 274.540 MB.
INFO: [HLS 200-10] ----------------------------------------------------------------
INFO: [HLS 200-42] -- Implementing module 'monte_sim' 
INFO: [HLS 200-10] ----------------------------------------------------------------
INFO: [SCHED 204-11] Starting scheduling ...
INFO: [HLS 200-486] Changing DSP48 latency (root=r_V_32) to 3 in order to utilize available DSP registers.
INFO: [HLS 200-486] Changing DSP48 latency (root=r_V_31) to 3 in order to utilize available DSP registers.
INFO: [HLS 200-486] Changing DSP48 latency (root=r_V_30) to 3 in order to utilize available DSP registers.
INFO: [HLS 200-486] Changing DSP48 latency (root=r_V_29) to 3 in order to utilize available DSP registers.
INFO: [HLS 200-486] Changing DSP48 latency (root=r_V_28) to 3 in order to utilize available DSP registers.
INFO: [HLS 200-486] Changing DSP48 latency (root=r_V_27) to 3 in order to utilize available DSP registers.
