[OPTRACE]|140018245330944|1|OPTraceCPP|cpp|1588187133563|START|v++|ROLLUP_0
[OPTRACE]|140018245330944|2|OPTraceCPP|cpp|1588187133563|START|Validate Kernels|
[OPTRACE]|140018245330944|3|OPTraceCPP|cpp|1588187133684|END|Validate Kernels|
[OPTRACE]|140018245330944|4|OPTraceCPP|cpp|1588187133684|START|CreateSolution|
[OPTRACE]|140018245330944|5|OPTraceCPP|cpp|1588187136908|END|CreateSolution|
[OPTRACE]|140018245330944|6|OPTraceCPP|cpp|1588187136908|START|AddDevice|
[OPTRACE]|140018245330944|7|OPTraceCPP|cpp|1588187136908|START|Find & load device|
[OPTRACE]|140018245330944|8|OPTraceCPP|cpp|1588187136994|END|Find & load device|
[OPTRACE]|140018245330944|9|OPTraceCPP|cpp|1588187140468|END|AddDevice|
[OPTRACE]|140018245330944|10|OPTraceCPP|cpp|1588187140479|START|OCL_LINK|
[OPTRACE]|140018245330944|11|OPTraceCPP|cpp|1588187140479|START|CreateBinary|
[OPTRACE]|140018245330944|12|OPTraceCPP|cpp|1588187140480|END|CreateBinary|
[OPTRACE]|140018245330944|13|OPTraceCPP|cpp|1588187140480|START|Extract Kernels|
[OPTRACE]|140018245330944|14|OPTraceCPP|cpp|1588187140564|END|Extract Kernels|
[OPTRACE]|140018245330944|15|OPTraceCPP|cpp|1588187140632|START|Launch Step: system_link|
[OPTRACE]|140018245330944|16|OPTraceCPP|cpp|1588187153243|END|Launch Step: system_link|
[OPTRACE]|140018245330944|17|OPTraceCPP|cpp|1588187153243|START|Launch Step: cf2sw|
[OPTRACE]|140018245330944|18|OPTraceCPP|cpp|1588187154723|END|Launch Step: cf2sw|
[OPTRACE]|140018245330944|19|OPTraceCPP|cpp|1588187154723|START|Launch Step: rtd2_system_diagram|
[OPTRACE]|140018245330944|20|OPTraceCPP|cpp|1588187156691|END|Launch Step: rtd2_system_diagram|
[OPTRACE]|140018245330944|21|OPTraceCPP|cpp|1588187156691|START|Launch Step: vpl|
[OPTRACE]|140018245330944|22|OPTraceCPP|cpp|1588187819607|END|Launch Step: vpl|
[OPTRACE]|140018245330944|23|OPTraceCPP|cpp|1588187819607|START|Launch Step: rtdgen|
[OPTRACE]|140018245330944|24|OPTraceCPP|cpp|1588187819608|START|xrflink_0|ROLLUP_AUTO
[OPTRACE]|140018245330944|25|OPTraceCPP|cpp|1588187819682|END|xrflink_0|ROLLUP_AUTO
[OPTRACE]|140018245330944|26|OPTraceCPP|cpp|1588187819683|START|xrflink_1|ROLLUP_AUTO
[OPTRACE]|140018245330944|27|OPTraceCPP|cpp|1588187819752|END|xrflink_1|ROLLUP_AUTO
[OPTRACE]|140018245330944|28|OPTraceCPP|cpp|1588187819752|START|gcc_2|ROLLUP_AUTO
[OPTRACE]|140018245330944|29|OPTraceCPP|cpp|1588187819792|END|gcc_2|ROLLUP_AUTO
[OPTRACE]|140018245330944|30|OPTraceCPP|cpp|1588187819792|START|ar_3|ROLLUP_AUTO
[OPTRACE]|140018245330944|31|OPTraceCPP|cpp|1588187819796|END|ar_3|ROLLUP_AUTO
[OPTRACE]|140018245330944|32|OPTraceCPP|cpp|1588187819796|START|gcc_4|ROLLUP_AUTO
[OPTRACE]|140018245330944|33|OPTraceCPP|cpp|1588187819830|END|gcc_4|ROLLUP_AUTO
[OPTRACE]|140018245330944|34|OPTraceCPP|cpp|1588187819830|START|ar_5|ROLLUP_AUTO
[OPTRACE]|140018245330944|35|OPTraceCPP|cpp|1588187819834|END|ar_5|ROLLUP_AUTO
[OPTRACE]|140018245330944|36|OPTraceCPP|cpp|1588187819834|START|g++_6|ROLLUP_AUTO
[OPTRACE]|140018245330944|37|OPTraceCPP|cpp|1588187819892|END|g++_6|ROLLUP_AUTO
[OPTRACE]|140018245330944|38|OPTraceCPP|cpp|1588187819892|START|xrflink_7|ROLLUP_AUTO
[OPTRACE]|140018245330944|39|OPTraceCPP|cpp|1588187819961|END|xrflink_7|ROLLUP_AUTO
[OPTRACE]|140018245330944|40|OPTraceCPP|cpp|1588187819964|START|Launch cf2sw|
[OPTRACE]|140018245330944|41|OPTraceCPP|cpp|1588187821524|END|Launch cf2sw|
[OPTRACE]|140018245330944|42|OPTraceCPP|cpp|1588187826332|START|xrflink_8|ROLLUP_AUTO
[OPTRACE]|140018245330944|43|OPTraceCPP|cpp|1588187826401|END|xrflink_8|ROLLUP_AUTO
[OPTRACE]|140018245330944|44|OPTraceCPP|cpp|1588187826401|START|xrflink_9|ROLLUP_AUTO
[OPTRACE]|140018245330944|45|OPTraceCPP|cpp|1588187826470|END|xrflink_9|ROLLUP_AUTO
[OPTRACE]|140018245330944|46|OPTraceCPP|cpp|1588187828238|END|Launch rtd2_system_diagram|
[OPTRACE]|140018245330944|47|OPTraceCPP|cpp|1588187828238|END|Launch Step: rtdgen|
[OPTRACE]|140018245330944|48|OPTraceCPP|cpp|1588187828238|START|Launch Step: xclbinutil|
[OPTRACE]|140018245330944|49|OPTraceCPP|cpp|1588187828293|END|Launch Step: xclbinutil|
[OPTRACE]|140018245330944|50|OPTraceCPP|cpp|1588187828293|START|Launch Step: xclbinutilinfo|
[OPTRACE]|140018245330944|51|OPTraceCPP|cpp|1588187828786|END|Launch Step: xclbinutilinfo|
[OPTRACE]|140018245330944|52|OPTraceCPP|cpp|1588187828787|END|OCL_LINK|
[OPTRACE]|140018245330944|53|OPTraceCPP|cpp|1588187828843|END|v++|
