
****** Vivado(TM) HLS - High-Level Synthesis from C, C++ and SystemC v2019.2 (64-bit)
  **** SW Build 2700185 on Thu Oct 24 18:45:48 MDT 2019
  **** IP Build 2699827 on Thu Oct 24 21:16:38 MDT 2019
    ** Copyright 1986-2019 Xilinx, Inc. All Rights Reserved.

source /opt/Xilinx/Vivado/2019.2/scripts/vivado_hls/hls.tcl -notrace
INFO: [HLS 200-10] Running '/opt/Xilinx/Vivado/2019.2/bin/unwrapped/lnx64.o/vivado_hls'
INFO: [HLS 200-10] For user 'centos' on host 'ip-172-31-6-181.us-west-2.compute.internal' (Linux_x86_64 version 3.10.0-1062.18.1.el7.x86_64) on Wed Apr 29 19:04:12 UTC 2020
INFO: [HLS 200-10] On os "CentOS Linux release 7.7.1908 (Core)"
INFO: [HLS 200-10] In directory '/home/centos/src/project_data/aws-fpga/Vitis/examples/xilinx_2019.2/cpp_kernels/array_partition/_x.hw_emu.xilinx_aws-vu9p-f1_shell-v04261818_201920_1/matmul/matmul'
Sourcing Tcl script 'matmul.tcl'
INFO: [HLS 200-10] Creating and opening project '/home/centos/src/project_data/aws-fpga/Vitis/examples/xilinx_2019.2/cpp_kernels/array_partition/_x.hw_emu.xilinx_aws-vu9p-f1_shell-v04261818_201920_1/matmul/matmul/matmul'.
INFO: [HLS 200-10] Adding design file '/home/centos/src/project_data/aws-fpga/Vitis/examples/xilinx_2019.2/cpp_kernels/array_partition/src/matmul.cpp' to the project
INFO: [HLS 200-10] Creating and opening solution '/home/centos/src/project_data/aws-fpga/Vitis/examples/xilinx_2019.2/cpp_kernels/array_partition/_x.hw_emu.xilinx_aws-vu9p-f1_shell-v04261818_201920_1/matmul/matmul/matmul/solution'.
INFO: [HLS 200-10] Setting target device to 'xcvu9p-flgb2104-2-i'
INFO: [SYN 201-201] Setting up clock 'default' with a period of 4ns.
INFO: [HLS 200-435] Setting 'config_sdx -target' configuration: config_export -vivado_optimization_level=0
INFO: [HLS 200-435] Setting 'config_export -vivado_optimization_level' configuration: config_export -vivado_phys_opt=none
INFO: [HLS 200-435] Setting 'config_sdx -target' configuration: config_compile -pipeline_loops=64
INFO: [XFORM 203-1171] Pipeline the innermost loop with trip count more than 64 or its parent loop when its trip count is less than or equal 64.
INFO: [HLS 200-435] Setting 'config_sdx -target' configuration: config_compile -name_max_length=80
INFO: [XFORM 203-1161] The maximum of name length is set into 80.
INFO: [HLS 200-435] Setting 'config_sdx -target' configuration: config_schedule -enable_dsp_full_reg=1
INFO: [HLS 200-435] Setting 'config_sdx -target' configuration: config_rtl -register_reset_num=3
INFO: [HLS 200-435] Setting 'config_sdx -target' configuration: config_rtl -module_auto_prefix=1
INFO: [HLS 200-435] Setting 'config_sdx -target' configuration: config_interface -m_axi_addr64=1
INFO: [HLS 200-435] Setting 'config_sdx -target' configuration: set_clock_uncertainty 27%
INFO: [SYN 201-201] Setting up clock 'default' with an uncertainty of 1.08ns.
INFO: [SYN 201-201] Setting up clock 'default' with an uncertainty of 1.08ns.
INFO: [SCHED 204-61] Option 'relax_ii_for_timing' is enabled, will increase II to preserve clock frequency constraints.
INFO: [HLS 200-10] Analyzing design file '/home/centos/src/project_data/aws-fpga/Vitis/examples/xilinx_2019.2/cpp_kernels/array_partition/src/matmul.cpp' ... 
INFO: [HLS 200-111] Finished Linking Time (s): cpu = 00:00:08 ; elapsed = 00:00:08 . Memory (MB): peak = 983.102 ; gain = 463.160 ; free physical = 5501 ; free virtual = 27207
INFO: [HLS 200-111] Finished Checking Pragmas Time (s): cpu = 00:00:08 ; elapsed = 00:00:08 . Memory (MB): peak = 983.102 ; gain = 463.160 ; free physical = 5501 ; free virtual = 27207
INFO: [HLS 200-10] Starting code transformations ...
INFO: [HLS 200-111] Finished Standard Transforms Time (s): cpu = 00:00:09 ; elapsed = 00:00:09 . Memory (MB): peak = 983.102 ; gain = 463.160 ; free physical = 5498 ; free virtual = 27206
INFO: [HLS 200-10] Checking synthesizability ...
INFO: [HLS 200-111] Finished Checking Synthesizability Time (s): cpu = 00:00:09 ; elapsed = 00:00:09 . Memory (MB): peak = 983.102 ; gain = 463.160 ; free physical = 5498 ; free virtual = 27206
INFO: [XFORM 203-502] Unrolling all sub-loops inside loop 'nopart2' (/home/centos/src/project_data/aws-fpga/Vitis/examples/xilinx_2019.2/cpp_kernels/array_partition/src/matmul.cpp:92) in function 'matmul' for pipelining.
INFO: [HLS 200-489] Unrolling loop 'nopart3' (/home/centos/src/project_data/aws-fpga/Vitis/examples/xilinx_2019.2/cpp_kernels/array_partition/src/matmul.cpp:96) in function 'matmul' completely with a factor of 16.
INFO: [XFORM 203-102] Partitioning array 'temp_sum' (/home/centos/src/project_data/aws-fpga/Vitis/examples/xilinx_2019.2/cpp_kernels/array_partition/src/matmul.cpp:61) automatically.
INFO: [HLS 200-111] Finished Pre-synthesis Time (s): cpu = 00:00:09 ; elapsed = 00:00:10 . Memory (MB): peak = 983.102 ; gain = 463.160 ; free physical = 5487 ; free virtual = 27196
INFO: [XFORM 203-541] Flattening a loop nest 'nopart1' (/home/centos/src/project_data/aws-fpga/Vitis/examples/xilinx_2019.2/cpp_kernels/array_partition/src/matmul.cpp:89:43) in function 'matmul'.
INFO: [HLS 200-444] Inferring multiple bus burst read of variable length on port 'gmem' (/home/centos/src/project_data/aws-fpga/Vitis/examples/xilinx_2019.2/cpp_kernels/array_partition/src/matmul.cpp:72:9). These data requests might be further partitioned to multiple requests during RTL generation, based on max_read_burst_length or max_write_burst_length settings.
INFO: [HLS 200-444] Inferring multiple bus burst read of variable length on port 'gmem' (/home/centos/src/project_data/aws-fpga/Vitis/examples/xilinx_2019.2/cpp_kernels/array_partition/src/matmul.cpp:84:9). These data requests might be further partitioned to multiple requests during RTL generation, based on max_read_burst_length or max_write_burst_length settings.
INFO: [HLS 200-444] Inferring multiple bus burst write of variable length on port 'gmem' (/home/centos/src/project_data/aws-fpga/Vitis/examples/xilinx_2019.2/cpp_kernels/array_partition/src/matmul.cpp:116:9). These data requests might be further partitioned to multiple requests during RTL generation, based on max_read_burst_length or max_write_burst_length settings.
INFO: [HLS 200-472] Inferring partial write operation for 'A' (/home/centos/src/project_data/aws-fpga/Vitis/examples/xilinx_2019.2/cpp_kernels/array_partition/src/matmul.cpp:72:9)
INFO: [HLS 200-472] Inferring partial write operation for 'B' (/home/centos/src/project_data/aws-fpga/Vitis/examples/xilinx_2019.2/cpp_kernels/array_partition/src/matmul.cpp:84:9)
INFO: [HLS 200-472] Inferring partial write operation for 'C' (/home/centos/src/project_data/aws-fpga/Vitis/examples/xilinx_2019.2/cpp_kernels/array_partition/src/matmul.cpp:102:21)
INFO: [HLS 200-111] Finished Architecture Synthesis Time (s): cpu = 00:00:09 ; elapsed = 00:00:10 . Memory (MB): peak = 983.102 ; gain = 463.160 ; free physical = 5487 ; free virtual = 27196
INFO: [HLS 200-10] Starting hardware synthesis ...
INFO: [HLS 200-10] Synthesizing 'matmul' ...
INFO: [HLS 200-10] ----------------------------------------------------------------
INFO: [HLS 200-42] -- Implementing module 'matmul' 
INFO: [HLS 200-10] ----------------------------------------------------------------
INFO: [SCHED 204-11] Starting scheduling ...
INFO: [HLS 200-486] Changing DSP48 latency (root=mul_ln65) to 3 in order to utilize available DSP registers.
INFO: [HLS 200-486] Changing DSP48 latency (root=mul_ln99_15) to 3 in order to utilize available DSP registers.
INFO: [HLS 200-486] Changing DSP48 latency (root=mul_ln99_14) to 3 in order to utilize available DSP registers.
INFO: [HLS 200-486] Changing DSP48 latency (root=mul_ln99_13) to 3 in order to utilize available DSP registers.
INFO: [HLS 200-486] Changing DSP48 latency (root=mul_ln99_12) to 3 in order to utilize available DSP registers.
INFO: [HLS 200-486] Changing DSP48 latency (root=mul_ln99_11) to 3 in order to utilize available DSP registers.
INFO: [HLS 200-486] Changing DSP48 latency (root=mul_ln99_10) to 3 in order to utilize available DSP registers.
INFO: [HLS 200-486] Changing DSP48 latency (root=mul_ln99_9) to 3 in order to utilize available DSP registers.
INFO: [HLS 200-486] Changing DSP48 latency (root=mul_ln99_8) to 3 in order to utilize available DSP registers.
INFO: [HLS 200-486] Changing DSP48 latency (root=mul_ln99_7) to 3 in order to utilize available DSP registers.
INFO: [HLS 200-486] Changing DSP48 latency (root=mul_ln99_6) to 3 in order to utilize available DSP registers.
INFO: [HLS 200-486] Changing DSP48 latency (root=mul_ln99_5) to 3 in order to utilize available DSP registers.
INFO: [HLS 200-486] Changing DSP48 latency (root=mul_ln99_4) to 3 in order to utilize available DSP registers.
INFO: [HLS 200-486] Changing DSP48 latency (root=mul_ln99_3) to 3 in order to utilize available DSP registers.
INFO: [HLS 200-486] Changing DSP48 latency (root=mul_ln99_2) to 3 in order to utilize available DSP registers.
INFO: [HLS 200-486] Changing DSP48 latency (root=mul_ln99_1) to 3 in order to utilize available DSP registers.
INFO: [HLS 200-486] Changing DSP48 latency (root=mul_ln99) to 3 in order to utilize available DSP registers.
INFO: [HLS 200-486] Changing DSP48 latency (root=mul_ln101) to 3 in order to utilize available DSP registers.
INFO: [SCHED 204-61] Pipelining loop 'readA'.
INFO: [SCHED 204-61] Pipelining result : Target II = 1, Final II = 1, Depth = 3.
INFO: [SCHED 204-61] Pipelining loop 'readB'.
INFO: [SCHED 204-61] Pipelining result : Target II = 1, Final II = 1, Depth = 3.
INFO: [SCHED 204-61] Pipelining loop 'nopart1_nopart2'.
WARNING: [SCHED 204-69] Unable to schedule 'load' operation ('B_load_2', /home/centos/src/project_data/aws-fpga/Vitis/examples/xilinx_2019.2/cpp_kernels/array_partition/src/matmul.cpp:99) on array 'B', /home/centos/src/project_data/aws-fpga/Vitis/examples/xilinx_2019.2/cpp_kernels/array_partition/src/matmul.cpp:59 due to limited memory ports. Please consider using a memory core with more ports or partitioning the array 'B'.
INFO: [SCHED 204-61] Pipelining result : Target II = 1, Final II = 8, Depth = 14.
INFO: [SCHED 204-61] Pipelining loop 'writeC'.
INFO: [SCHED 204-61] Pipelining result : Target II = 1, Final II = 1, Depth = 3.
INFO: [SCHED 204-11] Finished scheduling.
INFO: [HLS 200-111]  Elapsed time: 10.63 seconds; current allocated memory: 92.341 MB.
INFO: [BIND 205-100] Starting micro-architecture generation ...
INFO: [BIND 205-101] Performing variable lifetime analysis.
INFO: [BIND 205-101] Exploring resource sharing.
INFO: [BIND 205-101] Binding ...
INFO: [BIND 205-100] Finished micro-architecture generation.
INFO: [HLS 200-111]  Elapsed time: 0.4 seconds; current allocated memory: 94.019 MB.
INFO: [HLS 200-10] ----------------------------------------------------------------
INFO: [HLS 200-10] -- Generating RTL for module 'matmul' 
INFO: [HLS 200-10] ----------------------------------------------------------------
INFO: [RTGEN 206-500] Setting interface mode on port 'matmul/gmem' to 'm_axi'.
INFO: [RTGEN 206-500] Setting interface mode on port 'matmul/in1' to 's_axilite & ap_none'.
INFO: [RTGEN 206-500] Setting interface mode on port 'matmul/in2' to 's_axilite & ap_none'.
INFO: [RTGEN 206-500] Setting interface mode on port 'matmul/out_r' to 's_axilite & ap_none'.
INFO: [RTGEN 206-500] Setting interface mode on port 'matmul/size' to 's_axilite & ap_none'.
INFO: [RTGEN 206-500] Setting interface mode on function 'matmul' to 's_axilite & ap_ctrl_hs'.
INFO: [RTGEN 206-100] Bundling port 'return', 'in2', 'out_r' and 'size' to AXI-Lite port control.
INFO: [RTGEN 206-100] Generating core module 'matmul_mul_32ns_32ns_64_4_1': 1 instance(s).
INFO: [RTGEN 206-100] Generating core module 'matmul_mul_32s_32s_32_4_1': 10 instance(s).
INFO: [RTGEN 206-100] Finished creating RTL model for 'matmul'.
INFO: [HLS 200-111]  Elapsed time: 0.43 seconds; current allocated memory: 97.205 MB.
INFO: [HLS 200-790] **** Loop Constraint Status: All loop constraints were NOT satisfied.
INFO: [HLS 200-789] **** Estimated Fmax: 342.47 MHz
INFO: [RTMG 210-282] Generating pipelined core: 'matmul_matmul_mul_32s_32s_32_4_1_Mul4S_0'
INFO: [RTMG 210-282] Generating pipelined core: 'matmul_matmul_mul_32ns_32ns_64_4_1_Mul4S_1'
INFO: [RTMG 210-278] Implementing memory 'matmul_matmul_A_ram (RAM)' using block RAMs.
INFO: [RTMG 210-278] Implementing memory 'matmul_matmul_B_ram (RAM)' using block RAMs.
INFO: [RTMG 210-278] Implementing memory 'matmul_matmul_C_ram (RAM)' using block RAMs.
INFO: [HLS 200-111] Finished generating all RTL models Time (s): cpu = 00:00:12 ; elapsed = 00:00:13 . Memory (MB): peak = 983.102 ; gain = 463.160 ; free physical = 5464 ; free virtual = 27181
INFO: [VHDL 208-304] Generating VHDL RTL for matmul with prefix matmul_.
INFO: [VLOG 209-307] Generating Verilog RTL for matmul with prefix matmul_.
INFO: [IMPL 213-8] Exporting RTL as a Vivado IP.

****** Vivado v2019.2 (64-bit)
  **** SW Build 2700185 on Thu Oct 24 18:45:48 MDT 2019
  **** IP Build 2699827 on Thu Oct 24 21:16:38 MDT 2019
    ** Copyright 1986-2019 Xilinx, Inc. All Rights Reserved.

source run_ippack.tcl -notrace
INFO: [IP_Flow 19-234] Refreshing IP repositories
INFO: [IP_Flow 19-1704] No user IP repositories specified
INFO: [IP_Flow 19-2313] Loaded Vivado IP repository '/opt/Xilinx/Vivado/2019.2/data/ip'.
INFO: [Common 17-206] Exiting Vivado at Wed Apr 29 19:04:47 2020...
HLS completed successfully
INFO: [HLS 200-112] Total elapsed time: 35.21 seconds; peak allocated memory: 97.205 MB.
INFO: [Common 17-206] Exiting vivado_hls at Wed Apr 29 19:04:47 2020...
