INFO: [v++ 60-1306] Additional information associated with this v++ compile can be found at:
	Reports: /home/centos/src/project_data/aws-fpga/Vitis/examples/xilinx_2019.2/cpp_kernels/array_partition/_x.hw_emu.xilinx_aws-vu9p-f1_shell-v04261818_201920_1/reports/matmul
	Log files: /home/centos/src/project_data/aws-fpga/Vitis/examples/xilinx_2019.2/cpp_kernels/array_partition/_x.hw_emu.xilinx_aws-vu9p-f1_shell-v04261818_201920_1/logs/matmul
INFO: [v++ 60-1548] Creating build summary session with primary output /home/centos/src/project_data/aws-fpga/Vitis/examples/xilinx_2019.2/cpp_kernels/array_partition/_x.hw_emu.xilinx_aws-vu9p-f1_shell-v04261818_201920_1/matmul.xo.compile_summary, at Wed Apr 29 19:04:04 2020
INFO: [v++ 60-1316] Initiating connection to rulecheck server, at Wed Apr 29 19:04:04 2020
INFO: [v++ 60-1315] Creating rulecheck session with output '/home/centos/src/project_data/aws-fpga/Vitis/examples/xilinx_2019.2/cpp_kernels/array_partition/_x.hw_emu.xilinx_aws-vu9p-f1_shell-v04261818_201920_1/reports/matmul/v++_compile_matmul_guidance.html', at Wed Apr 29 19:04:06 2020
INFO: [v++ 60-895]   Target platform: /home/centos/src/project_data/aws-fpga/Vitis/aws_platform/xilinx_aws-vu9p-f1_shell-v04261818_201920_1/xilinx_aws-vu9p-f1_shell-v04261818_201920_1.xpfm
INFO: [v++ 60-1578]   This platform contains Xilinx Shell Archive '/home/centos/src/project_data/aws-fpga/Vitis/aws_platform/xilinx_aws-vu9p-f1_shell-v04261818_201920_1/hw/xilinx_aws-vu9p-f1_shell-v04261818_201920_1.xsa'
INFO: [v++ 60-585] Compiling for hardware emulation target
INFO: [v++ 60-423]   Target device: xilinx_aws-vu9p-f1_shell-v04261818_201920_1
INFO: [v++ 60-242] Creating kernel: 'matmul'

===>The following messages were generated while  performing high-level synthesis for kernel: matmul Log file: /home/centos/src/project_data/aws-fpga/Vitis/examples/xilinx_2019.2/cpp_kernels/array_partition/_x.hw_emu.xilinx_aws-vu9p-f1_shell-v04261818_201920_1/matmul/matmul/vivado_hls.log :
INFO: [v++ 204-61] Option 'relax_ii_for_timing' is enabled, will increase II to preserve clock frequency constraints.
INFO: [v++ 204-61] Pipelining loop 'readA'.
INFO: [v++ 204-61] Pipelining result : Target II = 1, Final II = 1, Depth = 3.
INFO: [v++ 204-61] Pipelining loop 'readB'.
INFO: [v++ 204-61] Pipelining result : Target II = 1, Final II = 1, Depth = 3.
INFO: [v++ 204-61] Pipelining loop 'nopart1_nopart2'.
WARNING: [v++ 204-69] Unable to schedule 'load' operation ('B_load_2', /home/centos/src/project_data/aws-fpga/Vitis/examples/xilinx_2019.2/cpp_kernels/array_partition/src/matmul.cpp:99) on array 'B', /home/centos/src/project_data/aws-fpga/Vitis/examples/xilinx_2019.2/cpp_kernels/array_partition/src/matmul.cpp:59 due to limited memory ports. Please consider using a memory core with more ports or partitioning the array 'B'.
INFO: [v++ 204-61] Pipelining result : Target II = 1, Final II = 8, Depth = 14.
INFO: [v++ 204-61] Pipelining loop 'writeC'.
INFO: [v++ 204-61] Pipelining result : Target II = 1, Final II = 1, Depth = 3.
INFO: [v++ 200-790] **** Loop Constraint Status: All loop constraints were NOT satisfied.
INFO: [v++ 200-789] **** Estimated Fmax: 342.47 MHz
INFO: [v++ 60-594] Finished kernel compilation
INFO: [v++ 60-244] Generating system estimate report...
INFO: [v++ 60-1092] Generated system estimate report: /home/centos/src/project_data/aws-fpga/Vitis/examples/xilinx_2019.2/cpp_kernels/array_partition/_x.hw_emu.xilinx_aws-vu9p-f1_shell-v04261818_201920_1/reports/matmul/system_estimate_matmul.xtxt
INFO: [v++ 60-586] Created _x.hw_emu.xilinx_aws-vu9p-f1_shell-v04261818_201920_1/matmul.xo
INFO: [v++ 60-791] Total elapsed time: 0h 0m 44s
