INFO: [v++ 60-1306] Additional information associated with this v++ compile can be found at:
	Reports: /home/centos/src/project_data/aws-fpga/Vitis/examples/xilinx_2019.2/cpp_kernels/monte_sim/_x.hw_emu.xilinx_aws-vu9p-f1_shell-v04261818_201920_1/reports/monte_sim
	Log files: /home/centos/src/project_data/aws-fpga/Vitis/examples/xilinx_2019.2/cpp_kernels/monte_sim/_x.hw_emu.xilinx_aws-vu9p-f1_shell-v04261818_201920_1/logs/monte_sim
INFO: [v++ 60-1548] Creating build summary session with primary output /home/centos/src/project_data/aws-fpga/Vitis/examples/xilinx_2019.2/cpp_kernels/monte_sim/_x.hw_emu.xilinx_aws-vu9p-f1_shell-v04261818_201920_1/monte_sim.xo.compile_summary, at Thu Apr 30 20:01:01 2020
INFO: [v++ 60-1316] Initiating connection to rulecheck server, at Thu Apr 30 20:01:01 2020
INFO: [v++ 60-1315] Creating rulecheck session with output '/home/centos/src/project_data/aws-fpga/Vitis/examples/xilinx_2019.2/cpp_kernels/monte_sim/_x.hw_emu.xilinx_aws-vu9p-f1_shell-v04261818_201920_1/reports/monte_sim/v++_compile_monte_sim_guidance.html', at Thu Apr 30 20:01:02 2020
INFO: [v++ 60-895]   Target platform: /home/centos/src/project_data/aws-fpga/Vitis/aws_platform/xilinx_aws-vu9p-f1_shell-v04261818_201920_1/xilinx_aws-vu9p-f1_shell-v04261818_201920_1.xpfm
INFO: [v++ 60-1578]   This platform contains Xilinx Shell Archive '/home/centos/src/project_data/aws-fpga/Vitis/aws_platform/xilinx_aws-vu9p-f1_shell-v04261818_201920_1/hw/xilinx_aws-vu9p-f1_shell-v04261818_201920_1.xsa'
INFO: [v++ 60-585] Compiling for hardware emulation target
INFO: [v++ 60-423]   Target device: xilinx_aws-vu9p-f1_shell-v04261818_201920_1
INFO: [v++ 60-242] Creating kernel: 'monte_sim'

===>The following messages were generated while  performing high-level synthesis for kernel: monte_sim Log file: /home/centos/src/project_data/aws-fpga/Vitis/examples/xilinx_2019.2/cpp_kernels/monte_sim/_x.hw_emu.xilinx_aws-vu9p-f1_shell-v04261818_201920_1/monte_sim/monte_sim/vivado_hls.log :
INFO: [v++ 204-61] Option 'relax_ii_for_timing' is enabled, will increase II to preserve clock frequency constraints.
INFO: [v++ 204-61] Pipelining function 'sqrt_fixed<32, 16>'.
INFO: [v++ 204-61] Pipelining result : Target II = 1, Final II = 1, Depth = 13.
INFO: [v++ 204-61] Pipelining loop 'read1'.
INFO: [v++ 204-61] Pipelining result : Target II = 1, Final II = 1, Depth = 3.
INFO: [v++ 204-61] Pipelining loop 'read2'.
INFO: [v++ 204-61] Pipelining result : Target II = 1, Final II = 1, Depth = 3.
INFO: [v++ 204-61] Pipelining loop 'monte_sim_taylor'.
INFO: [v++ 204-61] Pipelining result : Target II = 1, Final II = 1, Depth = 41.
INFO: [v++ 204-61] Pipelining loop 'write'.
INFO: [v++ 204-61] Pipelining result : Target II = 1, Final II = 1, Depth = 3.
INFO: [v++ 200-790] **** Loop Constraint Status: All loop constraints were satisfied.
INFO: [v++ 200-789] **** Estimated Fmax: 342.47 MHz
INFO: [v++ 60-594] Finished kernel compilation
INFO: [v++ 60-244] Generating system estimate report...
INFO: [v++ 60-1092] Generated system estimate report: /home/centos/src/project_data/aws-fpga/Vitis/examples/xilinx_2019.2/cpp_kernels/monte_sim/_x.hw_emu.xilinx_aws-vu9p-f1_shell-v04261818_201920_1/reports/monte_sim/system_estimate_monte_sim.xtxt
WARNING: [v++ 17-1525] IP definition with the same IP name already exists in XO container. Will overwrite the existing IP definition.
INFO: [v++ 60-586] Created _x.hw_emu.xilinx_aws-vu9p-f1_shell-v04261818_201920_1/monte_sim.xo
INFO: [v++ 60-791] Total elapsed time: 0h 1m 54s
