[OPTRACE]|140070386608128|1|OPTraceCPP|cpp|1588187158487|START|vpl|ROLLUP_0
[OPTRACE]|140070386608128|2|OPTraceCPP|cpp|1588187158579|START|runPlatformLinker|
[OPTRACE]|140070386608128|3|OPTraceCPP|cpp|1588187158579|START|Create Solution|
[OPTRACE]|140070386608128|4|OPTraceCPP|cpp|1588187158584|END|Create Solution|
[OPTRACE]|140070386608128|5|OPTraceCPP|cpp|1588187158584|START|Add platform|
[OPTRACE]|140070386608128|6|OPTraceCPP|cpp|1588187162174|END|Add platform|
[OPTRACE]|140070386608128|7|OPTraceCPP|cpp|1588187162174|START|Create Binary|
[OPTRACE]|140070386608128|8|OPTraceCPP|cpp|1588187162174|END|Create Binary|
[OPTRACE]|140070386608128|9|OPTraceCPP|cpp|1588187162174|START|Create Kernel|
[OPTRACE]|140070386608128|10|OPTraceCPP|cpp|1588187162178|END|Create Kernel|
[OPTRACE]|140070386608128|11|OPTraceCPP|cpp|1588187162186|START|Process Kernels|
[OPTRACE]|140070386608128|12|OPTraceCPP|cpp|1588187162186|END|Process Kernels|
[OPTRACE]|140070386608128|13|OPTraceCPP|cpp|1588187162186|START|Process Kernel Debug|
[OPTRACE]|140070386608128|14|OPTraceCPP|cpp|1588187162186|END|Process Kernel Debug|
[OPTRACE]|140070386608128|15|OPTraceCPP|cpp|1588187162186|START|Set Kernel Debug|
[OPTRACE]|140070386608128|16|OPTraceCPP|cpp|1588187162186|END|Set Kernel Debug|
[OPTRACE]|140070386608128|17|OPTraceCPP|cpp|1588187162186|START|Set Miscellaneous|
[OPTRACE]|140070386608128|18|OPTraceCPP|cpp|1588187162186|END|Set Miscellaneous|
[OPTRACE]|140070386608128|19|OPTraceCPP|cpp|1588187162186|START|Extract DSA Content|
[OPTRACE]|140070386608128|20|OPTraceCPP|cpp|1588187163712|END|Extract DSA Content|
[OPTRACE]|140070386608128|21|OPTraceCPP|cpp|1588187163712|START|Retrieving Debuggable Kernel|
[OPTRACE]|140070386608128|22|OPTraceCPP|cpp|1588187163712|END|Retrieving Debuggable Kernel|
[OPTRACE]|140070386608128|23|OPTraceCPP|cpp|1588187819348|START|Generate Resource Availability Report|
[OPTRACE]|140070386608128|24|OPTraceCPP|cpp|1588187819348|END|Generate Resource Availability Report|
[OPTRACE]|140070386608128|25|OPTraceCPP|cpp|1588187819348|END|runPlatformLinker|
[OPTRACE]|140070386608128|26|OPTraceCPP|cpp|1588187819599|END|vpl|ROLLUP_0
