[OPTRACE]|140305114273792|1|OPTraceCPP|cpp|1588276761953|START|v++|ROLLUP_0
[OPTRACE]|140305114273792|2|OPTraceCPP|cpp|1588276761953|START|Validate Kernels|
[OPTRACE]|140305114273792|3|OPTraceCPP|cpp|1588276762077|END|Validate Kernels|
[OPTRACE]|140305114273792|4|OPTraceCPP|cpp|1588276762077|START|CreateSolution|
[OPTRACE]|140305114273792|5|OPTraceCPP|cpp|1588276765305|END|CreateSolution|
[OPTRACE]|140305114273792|6|OPTraceCPP|cpp|1588276765305|START|AddDevice|
[OPTRACE]|140305114273792|7|OPTraceCPP|cpp|1588276765305|START|Find & load device|
[OPTRACE]|140305114273792|8|OPTraceCPP|cpp|1588276765391|END|Find & load device|
[OPTRACE]|140305114273792|9|OPTraceCPP|cpp|1588276768867|END|AddDevice|
[OPTRACE]|140305114273792|10|OPTraceCPP|cpp|1588276768879|START|OCL_LINK|
[OPTRACE]|140305114273792|11|OPTraceCPP|cpp|1588276768879|START|CreateBinary|
[OPTRACE]|140305114273792|12|OPTraceCPP|cpp|1588276768880|END|CreateBinary|
[OPTRACE]|140305114273792|13|OPTraceCPP|cpp|1588276768880|START|Extract Kernels|
[OPTRACE]|140305114273792|14|OPTraceCPP|cpp|1588276768894|END|Extract Kernels|
[OPTRACE]|140305114273792|15|OPTraceCPP|cpp|1588276768899|START|regiongen_0|ROLLUP_AUTO
[OPTRACE]|140305114273792|16|OPTraceCPP|cpp|1588276770280|END|regiongen_0|ROLLUP_AUTO
[OPTRACE]|140305114273792|17|OPTraceCPP|cpp|1588276770283|START|gcc_1|ROLLUP_AUTO
[OPTRACE]|140305114273792|18|OPTraceCPP|cpp|1588276809879|END|gcc_1|ROLLUP_AUTO
[OPTRACE]|140305114273792|19|OPTraceCPP|cpp|1588276809879|START|ar_2|ROLLUP_AUTO
[OPTRACE]|140305114273792|20|OPTraceCPP|cpp|1588276810352|END|ar_2|ROLLUP_AUTO
[OPTRACE]|140305114273792|21|OPTraceCPP|cpp|1588276810355|START|gcc_3|ROLLUP_AUTO
[OPTRACE]|140305114273792|22|OPTraceCPP|cpp|1588276822660|END|gcc_3|ROLLUP_AUTO
[OPTRACE]|140305114273792|23|OPTraceCPP|cpp|1588276822660|START|ar_4|ROLLUP_AUTO
[OPTRACE]|140305114273792|24|OPTraceCPP|cpp|1588276822687|END|ar_4|ROLLUP_AUTO
[OPTRACE]|140305114273792|25|OPTraceCPP|cpp|1588276822689|START|g++_5|ROLLUP_AUTO
[OPTRACE]|140305114273792|26|OPTraceCPP|cpp|1588276824009|END|g++_5|ROLLUP_AUTO
[OPTRACE]|140305114273792|27|OPTraceCPP|cpp|1588276824009|START|g++_6|ROLLUP_AUTO
[OPTRACE]|140305114273792|28|OPTraceCPP|cpp|1588276825360|END|g++_6|ROLLUP_AUTO
[OPTRACE]|140305114273792|29|OPTraceCPP|cpp|1588276825363|START|xclbinutil_7|ROLLUP_AUTO
[OPTRACE]|140305114273792|30|OPTraceCPP|cpp|1588276825385|END|xclbinutil_7|ROLLUP_AUTO
[OPTRACE]|140305114273792|31|OPTraceCPP|cpp|1588276825385|START|xclbinutil_8|ROLLUP_AUTO
[OPTRACE]|140305114273792|32|OPTraceCPP|cpp|1588276825550|END|xclbinutil_8|ROLLUP_AUTO
[OPTRACE]|140305114273792|33|OPTraceCPP|cpp|1588276825550|END|OCL_LINK|
[OPTRACE]|140305114273792|34|OPTraceCPP|cpp|1588276825604|END|v++|
