[OPTRACE]|140665601816576|1|OPTraceCPP|cpp|1588277205319|START|vpl|ROLLUP_0
[OPTRACE]|140665601816576|2|OPTraceCPP|cpp|1588277205412|START|runPlatformLinker|
[OPTRACE]|140665601816576|3|OPTraceCPP|cpp|1588277205412|START|Create Solution|
[OPTRACE]|140665601816576|4|OPTraceCPP|cpp|1588277205417|END|Create Solution|
[OPTRACE]|140665601816576|5|OPTraceCPP|cpp|1588277205417|START|Add platform|
[OPTRACE]|140665601816576|6|OPTraceCPP|cpp|1588277209025|END|Add platform|
[OPTRACE]|140665601816576|7|OPTraceCPP|cpp|1588277209026|START|Create Binary|
[OPTRACE]|140665601816576|8|OPTraceCPP|cpp|1588277209026|END|Create Binary|
[OPTRACE]|140665601816576|9|OPTraceCPP|cpp|1588277209026|START|Create Kernel|
[OPTRACE]|140665601816576|10|OPTraceCPP|cpp|1588277209030|END|Create Kernel|
[OPTRACE]|140665601816576|11|OPTraceCPP|cpp|1588277209041|START|Process Kernels|
[OPTRACE]|140665601816576|12|OPTraceCPP|cpp|1588277209041|END|Process Kernels|
[OPTRACE]|140665601816576|13|OPTraceCPP|cpp|1588277209041|START|Process Kernel Debug|
[OPTRACE]|140665601816576|14|OPTraceCPP|cpp|1588277209041|END|Process Kernel Debug|
[OPTRACE]|140665601816576|15|OPTraceCPP|cpp|1588277209041|START|Set Kernel Debug|
[OPTRACE]|140665601816576|16|OPTraceCPP|cpp|1588277209041|END|Set Kernel Debug|
[OPTRACE]|140665601816576|17|OPTraceCPP|cpp|1588277209041|START|Set Miscellaneous|
[OPTRACE]|140665601816576|18|OPTraceCPP|cpp|1588277209041|END|Set Miscellaneous|
[OPTRACE]|140665601816576|19|OPTraceCPP|cpp|1588277209041|START|Extract DSA Content|
[OPTRACE]|140665601816576|20|OPTraceCPP|cpp|1588277210549|END|Extract DSA Content|
[OPTRACE]|140665601816576|21|OPTraceCPP|cpp|1588277210549|START|Retrieving Debuggable Kernel|
[OPTRACE]|140665601816576|22|OPTraceCPP|cpp|1588277210549|END|Retrieving Debuggable Kernel|
[OPTRACE]|140665601816576|23|OPTraceCPP|cpp|1588277873915|START|Generate Resource Availability Report|
[OPTRACE]|140665601816576|24|OPTraceCPP|cpp|1588277873916|END|Generate Resource Availability Report|
[OPTRACE]|140665601816576|25|OPTraceCPP|cpp|1588277873916|END|runPlatformLinker|
[OPTRACE]|140665601816576|26|OPTraceCPP|cpp|1588277874197|END|vpl|ROLLUP_0
