[OPTRACE]|139838997731328|1|OPTraceCPP|cpp|1588277179985|START|v++|ROLLUP_0
[OPTRACE]|139838997731328|2|OPTraceCPP|cpp|1588277179985|START|Validate Kernels|
[OPTRACE]|139838997731328|3|OPTraceCPP|cpp|1588277180309|END|Validate Kernels|
[OPTRACE]|139838997731328|4|OPTraceCPP|cpp|1588277180309|START|CreateSolution|
[OPTRACE]|139838997731328|5|OPTraceCPP|cpp|1588277183534|END|CreateSolution|
[OPTRACE]|139838997731328|6|OPTraceCPP|cpp|1588277183534|START|AddDevice|
[OPTRACE]|139838997731328|7|OPTraceCPP|cpp|1588277183534|START|Find & load device|
[OPTRACE]|139838997731328|8|OPTraceCPP|cpp|1588277183622|END|Find & load device|
[OPTRACE]|139838997731328|9|OPTraceCPP|cpp|1588277187098|END|AddDevice|
[OPTRACE]|139838997731328|10|OPTraceCPP|cpp|1588277187110|START|OCL_LINK|
[OPTRACE]|139838997731328|11|OPTraceCPP|cpp|1588277187110|START|CreateBinary|
[OPTRACE]|139838997731328|12|OPTraceCPP|cpp|1588277187110|END|CreateBinary|
[OPTRACE]|139838997731328|13|OPTraceCPP|cpp|1588277187110|START|Extract Kernels|
[OPTRACE]|139838997731328|14|OPTraceCPP|cpp|1588277187284|END|Extract Kernels|
[OPTRACE]|139838997731328|15|OPTraceCPP|cpp|1588277187357|START|Launch Step: system_link|
[OPTRACE]|139838997731328|16|OPTraceCPP|cpp|1588277200014|END|Launch Step: system_link|
[OPTRACE]|139838997731328|17|OPTraceCPP|cpp|1588277200014|START|Launch Step: cf2sw|
[OPTRACE]|139838997731328|18|OPTraceCPP|cpp|1588277201500|END|Launch Step: cf2sw|
[OPTRACE]|139838997731328|19|OPTraceCPP|cpp|1588277201500|START|Launch Step: rtd2_system_diagram|
[OPTRACE]|139838997731328|20|OPTraceCPP|cpp|1588277203491|END|Launch Step: rtd2_system_diagram|
[OPTRACE]|139838997731328|21|OPTraceCPP|cpp|1588277203491|START|Launch Step: vpl|
[OPTRACE]|139838997731328|22|OPTraceCPP|cpp|1588277874206|END|Launch Step: vpl|
[OPTRACE]|139838997731328|23|OPTraceCPP|cpp|1588277874206|START|Launch Step: rtdgen|
[OPTRACE]|139838997731328|24|OPTraceCPP|cpp|1588277874207|START|xrflink_0|ROLLUP_AUTO
[OPTRACE]|139838997731328|25|OPTraceCPP|cpp|1588277874279|END|xrflink_0|ROLLUP_AUTO
[OPTRACE]|139838997731328|26|OPTraceCPP|cpp|1588277874279|START|xrflink_1|ROLLUP_AUTO
[OPTRACE]|139838997731328|27|OPTraceCPP|cpp|1588277874346|END|xrflink_1|ROLLUP_AUTO
[OPTRACE]|139838997731328|28|OPTraceCPP|cpp|1588277874347|START|gcc_2|ROLLUP_AUTO
[OPTRACE]|139838997731328|29|OPTraceCPP|cpp|1588277914474|END|gcc_2|ROLLUP_AUTO
[OPTRACE]|139838997731328|30|OPTraceCPP|cpp|1588277914474|START|ar_3|ROLLUP_AUTO
[OPTRACE]|139838997731328|31|OPTraceCPP|cpp|1588277914949|END|ar_3|ROLLUP_AUTO
[OPTRACE]|139838997731328|32|OPTraceCPP|cpp|1588277914949|START|gcc_4|ROLLUP_AUTO
[OPTRACE]|139838997731328|33|OPTraceCPP|cpp|1588277927380|END|gcc_4|ROLLUP_AUTO
[OPTRACE]|139838997731328|34|OPTraceCPP|cpp|1588277927380|START|ar_5|ROLLUP_AUTO
[OPTRACE]|139838997731328|35|OPTraceCPP|cpp|1588277927407|END|ar_5|ROLLUP_AUTO
[OPTRACE]|139838997731328|36|OPTraceCPP|cpp|1588277927407|START|g++_6|ROLLUP_AUTO
[OPTRACE]|139838997731328|37|OPTraceCPP|cpp|1588277928738|END|g++_6|ROLLUP_AUTO
[OPTRACE]|139838997731328|38|OPTraceCPP|cpp|1588277928738|START|xrflink_7|ROLLUP_AUTO
[OPTRACE]|139838997731328|39|OPTraceCPP|cpp|1588277928825|END|xrflink_7|ROLLUP_AUTO
[OPTRACE]|139838997731328|40|OPTraceCPP|cpp|1588277928829|START|Launch cf2sw|
[OPTRACE]|139838997731328|41|OPTraceCPP|cpp|1588277930377|END|Launch cf2sw|
[OPTRACE]|139838997731328|42|OPTraceCPP|cpp|1588277935548|START|xrflink_8|ROLLUP_AUTO
[OPTRACE]|139838997731328|43|OPTraceCPP|cpp|1588277935638|END|xrflink_8|ROLLUP_AUTO
[OPTRACE]|139838997731328|44|OPTraceCPP|cpp|1588277935639|START|xrflink_9|ROLLUP_AUTO
[OPTRACE]|139838997731328|45|OPTraceCPP|cpp|1588277935728|END|xrflink_9|ROLLUP_AUTO
[OPTRACE]|139838997731328|46|OPTraceCPP|cpp|1588277937498|END|Launch rtd2_system_diagram|
[OPTRACE]|139838997731328|47|OPTraceCPP|cpp|1588277937499|END|Launch Step: rtdgen|
[OPTRACE]|139838997731328|48|OPTraceCPP|cpp|1588277937499|START|Launch Step: xclbinutil|
[OPTRACE]|139838997731328|49|OPTraceCPP|cpp|1588277937582|END|Launch Step: xclbinutil|
[OPTRACE]|139838997731328|50|OPTraceCPP|cpp|1588277937582|START|Launch Step: xclbinutilinfo|
[OPTRACE]|139838997731328|51|OPTraceCPP|cpp|1588277938276|END|Launch Step: xclbinutilinfo|
[OPTRACE]|139838997731328|52|OPTraceCPP|cpp|1588277938277|END|OCL_LINK|
[OPTRACE]|139838997731328|53|OPTraceCPP|cpp|1588277938335|END|v++|
