
*** Running vivado_hls
    with args -f monte_sim.tcl -messageDb vivado_hls.pb


****** Vivado(TM) HLS - High-Level Synthesis from C, C++ and SystemC v2019.2 (64-bit)
  **** SW Build 2700185 on Thu Oct 24 18:45:48 MDT 2019
  **** IP Build 2699827 on Thu Oct 24 21:16:38 MDT 2019
    ** Copyright 1986-2019 Xilinx, Inc. All Rights Reserved.

source /opt/Xilinx/Vivado/2019.2/scripts/vivado_hls/hls.tcl -notrace
INFO: [HLS 200-10] Running '/opt/Xilinx/Vivado/2019.2/bin/unwrapped/lnx64.o/vivado_hls'
INFO: [HLS 200-10] For user 'centos' on host 'ip-172-31-6-181.us-west-2.compute.internal' (Linux_x86_64 version 3.10.0-1062.18.1.el7.x86_64) on Thu Apr 30 19:50:22 UTC 2020
INFO: [HLS 200-10] On os "CentOS Linux release 7.7.1908 (Core)"
INFO: [HLS 200-10] In directory '/home/centos/src/project_data/aws-fpga/Vitis/examples/xilinx_2019.2/cpp_kernels/monte_sim/_x.sw_emu.xilinx_aws-vu9p-f1_shell-v04261818_201920_1/monte_sim/monte_sim'
Sourcing Tcl script 'monte_sim.tcl'
INFO: [HLS 200-10] Creating and opening project '/home/centos/src/project_data/aws-fpga/Vitis/examples/xilinx_2019.2/cpp_kernels/monte_sim/_x.sw_emu.xilinx_aws-vu9p-f1_shell-v04261818_201920_1/monte_sim/monte_sim/monte_sim'.
INFO: [HLS 200-10] Adding design file '/home/centos/src/project_data/aws-fpga/Vitis/examples/xilinx_2019.2/cpp_kernels/monte_sim/src/monte_sim.cpp' to the project
INFO: [HLS 200-10] Creating and opening solution '/home/centos/src/project_data/aws-fpga/Vitis/examples/xilinx_2019.2/cpp_kernels/monte_sim/_x.sw_emu.xilinx_aws-vu9p-f1_shell-v04261818_201920_1/monte_sim/monte_sim/monte_sim/solution'.
INFO: [HLS 200-10] Setting target device to 'xcvu9p-flgb2104-2-i'
INFO: [SYN 201-201] Setting up clock 'default' with a period of 4ns.
INFO: [HLS 200-435] Setting 'config_sdx -target' configuration: config_export -vivado_optimization_level=0
INFO: [HLS 200-435] Setting 'config_export -vivado_optimization_level' configuration: config_export -vivado_phys_opt=none
INFO: [HLS 200-435] Setting 'config_sdx -target' configuration: config_compile -pipeline_loops=64
INFO: [XFORM 203-1171] Pipeline the innermost loop with trip count more than 64 or its parent loop when its trip count is less than or equal 64.
INFO: [HLS 200-435] Setting 'config_sdx -target' configuration: config_compile -name_max_length=80
INFO: [XFORM 203-1161] The maximum of name length is set into 80.
INFO: [HLS 200-435] Setting 'config_sdx -target' configuration: config_schedule -enable_dsp_full_reg=1
INFO: [HLS 200-435] Setting 'config_sdx -target' configuration: config_rtl -register_reset_num=3
INFO: [HLS 200-435] Setting 'config_sdx -target' configuration: config_rtl -module_auto_prefix=1
INFO: [HLS 200-435] Setting 'config_sdx -target' configuration: config_interface -m_axi_addr64=1
INFO: [HLS 200-435] Setting 'config_sdx -target' configuration: set_clock_uncertainty 27%
INFO: [SYN 201-201] Setting up clock 'default' with an uncertainty of 1.08ns.
INFO: [SYN 201-201] Setting up clock 'default' with an uncertainty of 1.08ns.
INFO: [SCHED 204-61] Option 'relax_ii_for_timing' is enabled, will increase II to preserve clock frequency constraints.
INFO: [HLS 200-10] Analyzing design file '/home/centos/src/project_data/aws-fpga/Vitis/examples/xilinx_2019.2/cpp_kernels/monte_sim/src/monte_sim.cpp' ... 
INFO: [HLS 200-111] Finished Linking Time (s): cpu = 00:01:05 ; elapsed = 00:01:08 . Memory (MB): peak = 983.102 ; gain = 463.160 ; free physical = 5851 ; free virtual = 27402
INFO: [HLS 200-111] Finished Checking Pragmas Time (s): cpu = 00:01:05 ; elapsed = 00:01:08 . Memory (MB): peak = 983.102 ; gain = 463.160 ; free physical = 5851 ; free virtual = 27402
HLS completed successfully
INFO: [Common 17-206] Exiting vivado_hls at Thu Apr 30 19:51:30 2020...
