[OPTRACE]|139810214529024|1|OPTraceCPP|cpp|1587184519497|START|v++|ROLLUP_0
[OPTRACE]|139810214529024|2|OPTraceCPP|cpp|1587184519498|START|Validate Kernels|
[OPTRACE]|139810214529024|3|OPTraceCPP|cpp|1587184519622|END|Validate Kernels|
[OPTRACE]|139810214529024|4|OPTraceCPP|cpp|1587184519622|START|CreateSolution|
[OPTRACE]|139810214529024|5|OPTraceCPP|cpp|1587184522845|END|CreateSolution|
[OPTRACE]|139810214529024|6|OPTraceCPP|cpp|1587184522845|START|AddDevice|
[OPTRACE]|139810214529024|7|OPTraceCPP|cpp|1587184522845|START|Find & load device|
[OPTRACE]|139810214529024|8|OPTraceCPP|cpp|1587184522933|END|Find & load device|
[OPTRACE]|139810214529024|9|OPTraceCPP|cpp|1587184526436|END|AddDevice|
[OPTRACE]|139810214529024|10|OPTraceCPP|cpp|1587184526448|START|OCL_LINK|
[OPTRACE]|139810214529024|11|OPTraceCPP|cpp|1587184526448|START|CreateBinary|
[OPTRACE]|139810214529024|12|OPTraceCPP|cpp|1587184526448|END|CreateBinary|
[OPTRACE]|139810214529024|13|OPTraceCPP|cpp|1587184526448|START|Extract Kernels|
[OPTRACE]|139810214529024|14|OPTraceCPP|cpp|1587184526454|END|Extract Kernels|
[OPTRACE]|139810214529024|15|OPTraceCPP|cpp|1587184526459|START|regiongen_0|ROLLUP_AUTO
[OPTRACE]|139810214529024|16|OPTraceCPP|cpp|1587184527866|END|regiongen_0|ROLLUP_AUTO
[OPTRACE]|139810214529024|17|OPTraceCPP|cpp|1587184527867|START|gcc_1|ROLLUP_AUTO
[OPTRACE]|139810214529024|18|OPTraceCPP|cpp|1587184527908|END|gcc_1|ROLLUP_AUTO
[OPTRACE]|139810214529024|19|OPTraceCPP|cpp|1587184527908|START|ar_2|ROLLUP_AUTO
[OPTRACE]|139810214529024|20|OPTraceCPP|cpp|1587184527915|END|ar_2|ROLLUP_AUTO
[OPTRACE]|139810214529024|21|OPTraceCPP|cpp|1587184527915|START|g++_3|ROLLUP_AUTO
[OPTRACE]|139810214529024|22|OPTraceCPP|cpp|1587184529338|END|g++_3|ROLLUP_AUTO
[OPTRACE]|139810214529024|23|OPTraceCPP|cpp|1587184529338|START|g++_4|ROLLUP_AUTO
[OPTRACE]|139810214529024|24|OPTraceCPP|cpp|1587184529453|END|g++_4|ROLLUP_AUTO
[OPTRACE]|139810214529024|25|OPTraceCPP|cpp|1587184529455|START|xclbinutil_5|ROLLUP_AUTO
[OPTRACE]|139810214529024|26|OPTraceCPP|cpp|1587184529471|END|xclbinutil_5|ROLLUP_AUTO
[OPTRACE]|139810214529024|27|OPTraceCPP|cpp|1587184529471|START|xclbinutil_6|ROLLUP_AUTO
[OPTRACE]|139810214529024|28|OPTraceCPP|cpp|1587184529477|END|xclbinutil_6|ROLLUP_AUTO
[OPTRACE]|139810214529024|29|OPTraceCPP|cpp|1587184529477|END|OCL_LINK|
[OPTRACE]|139810214529024|30|OPTraceCPP|cpp|1587184529531|END|v++|
