[OPTRACE]|140522753075200|1|OPTraceCPP|cpp|1588173991039|START|v++|ROLLUP_0
[OPTRACE]|140522753075200|2|OPTraceCPP|cpp|1588173991039|START|Validate Kernels|
[OPTRACE]|140522753075200|3|OPTraceCPP|cpp|1588173991157|END|Validate Kernels|
[OPTRACE]|140522753075200|4|OPTraceCPP|cpp|1588173991158|START|CreateSolution|
[OPTRACE]|140522753075200|5|OPTraceCPP|cpp|1588173994382|END|CreateSolution|
[OPTRACE]|140522753075200|6|OPTraceCPP|cpp|1588173994382|START|AddDevice|
[OPTRACE]|140522753075200|7|OPTraceCPP|cpp|1588173994382|START|Find & load device|
[OPTRACE]|140522753075200|8|OPTraceCPP|cpp|1588173994469|END|Find & load device|
[OPTRACE]|140522753075200|9|OPTraceCPP|cpp|1588173997937|END|AddDevice|
[OPTRACE]|140522753075200|10|OPTraceCPP|cpp|1588173997949|START|OCL_LINK|
[OPTRACE]|140522753075200|11|OPTraceCPP|cpp|1588173997949|START|CreateBinary|
[OPTRACE]|140522753075200|12|OPTraceCPP|cpp|1588173997949|END|CreateBinary|
[OPTRACE]|140522753075200|13|OPTraceCPP|cpp|1588173997949|START|Extract Kernels|
[OPTRACE]|140522753075200|14|OPTraceCPP|cpp|1588173997965|END|Extract Kernels|
[OPTRACE]|140522753075200|15|OPTraceCPP|cpp|1588173997971|START|regiongen_0|ROLLUP_AUTO
[OPTRACE]|140522753075200|16|OPTraceCPP|cpp|1588173999342|END|regiongen_0|ROLLUP_AUTO
[OPTRACE]|140522753075200|17|OPTraceCPP|cpp|1588173999344|START|gcc_1|ROLLUP_AUTO
[OPTRACE]|140522753075200|18|OPTraceCPP|cpp|1588173999389|END|gcc_1|ROLLUP_AUTO
[OPTRACE]|140522753075200|19|OPTraceCPP|cpp|1588173999390|START|ar_2|ROLLUP_AUTO
[OPTRACE]|140522753075200|20|OPTraceCPP|cpp|1588173999397|END|ar_2|ROLLUP_AUTO
[OPTRACE]|140522753075200|21|OPTraceCPP|cpp|1588173999399|START|gcc_3|ROLLUP_AUTO
[OPTRACE]|140522753075200|22|OPTraceCPP|cpp|1588173999429|END|gcc_3|ROLLUP_AUTO
[OPTRACE]|140522753075200|23|OPTraceCPP|cpp|1588173999430|START|ar_4|ROLLUP_AUTO
[OPTRACE]|140522753075200|24|OPTraceCPP|cpp|1588173999435|END|ar_4|ROLLUP_AUTO
[OPTRACE]|140522753075200|25|OPTraceCPP|cpp|1588173999437|START|g++_5|ROLLUP_AUTO
[OPTRACE]|140522753075200|26|OPTraceCPP|cpp|1588174000751|END|g++_5|ROLLUP_AUTO
[OPTRACE]|140522753075200|27|OPTraceCPP|cpp|1588174000751|START|g++_6|ROLLUP_AUTO
[OPTRACE]|140522753075200|28|OPTraceCPP|cpp|1588174000864|END|g++_6|ROLLUP_AUTO
[OPTRACE]|140522753075200|29|OPTraceCPP|cpp|1588174000867|START|xclbinutil_7|ROLLUP_AUTO
[OPTRACE]|140522753075200|30|OPTraceCPP|cpp|1588174000882|END|xclbinutil_7|ROLLUP_AUTO
[OPTRACE]|140522753075200|31|OPTraceCPP|cpp|1588174000882|START|xclbinutil_8|ROLLUP_AUTO
[OPTRACE]|140522753075200|32|OPTraceCPP|cpp|1588174000888|END|xclbinutil_8|ROLLUP_AUTO
[OPTRACE]|140522753075200|33|OPTraceCPP|cpp|1588174000888|END|OCL_LINK|
[OPTRACE]|140522753075200|34|OPTraceCPP|cpp|1588174000942|END|v++|
